<?xml version="1.0" encoding="UTF-8" standalone="no"?>
<testsuite errors="0" failures="4" name="io.cucumber.core.plugin.JUnitFormatter" skipped="0" tests="4" time="0.868">
    <testcase classname="Verify Homepage contents of Gyanberry" name="HomePage" time="0.2">
        <failure message="The scenario has pending or undefined step(s)" type="java.lang.Exception"><![CDATA[Given Homepage URL..........................................................undefined
And Verifying HomePage Links................................................skipped
And Click on AboutUS Link...................................................skipped
Then Verify Page Data.......................................................skipped
]]></failure>
    </testcase>
    <testcase classname="Title of your feature" name="Title of your scenario" time="0.004">
        <failure message="The scenario has pending or undefined step(s)" type="java.lang.Exception"><![CDATA[Given I want to write a step with precondition..............................undefined
And some other precondition.................................................skipped
When I complete action......................................................skipped
And some other action.......................................................skipped
And yet another action......................................................skipped
Then I validate the outcomes................................................skipped
And check more outcomes.....................................................skipped
]]></failure>
    </testcase>
    <testcase classname="Title of your feature" name="Title of your scenario outline" time="0.002">
        <failure message="The scenario has pending or undefined step(s)" type="java.lang.Exception"><![CDATA[Given I want to write a step with name1.....................................undefined
When I check for the 5 in step..............................................skipped
Then I verify the success in step...........................................skipped
]]></failure>
    </testcase>
    <testcase classname="Title of your feature" name="Title of your scenario outline 2" time="0.002">
        <failure message="The scenario has pending or undefined step(s)" type="java.lang.Exception"><![CDATA[Given I want to write a step with name2.....................................undefined
When I check for the 7 in step..............................................skipped
Then I verify the Fail in step..............................................skipped
]]></failure>
    </testcase>
</testsuite>
